<?xml version="1.0" encoding="UTF-8"?>
<robot generator="Robot 3.2.2 (Python 3.9.2 on win32)" generated="20210228 18:46:07.077" rpa="false">
<suite id="s1" name="TestSitePractice" source="C:\Projetos\SuiteSiteTestePractice\test\TestSitePractice.robot">
<test id="s1-t1" name="Caso de Teste 01: Pesquisar produto existente">
<kw name="Abrir navegador" library="Resource" type="setup">
<kw name="Open Browser" library="SeleniumLibrary">
<doc>Opens a new browser instance to the optional ``url``.</doc>
<arguments>
<arg>${URL}</arg>
<arg>${BROWSER}</arg>
</arguments>
<msg timestamp="20210228 18:46:07.475" level="INFO">Opening browser 'chrome' to base url 'http://automationpractice.com'.</msg>
<status status="PASS" starttime="20210228 18:46:07.474" endtime="20210228 18:46:14.019"></status>
</kw>
<status status="PASS" starttime="20210228 18:46:07.473" endtime="20210228 18:46:14.020"></status>
</kw>
<kw name="Acessar a página home do site" library="Resource">
<kw name="Title Should Be" library="SeleniumLibrary">
<doc>Verifies that the current page title equals ``title``.</doc>
<arguments>
<arg>My Store</arg>
</arguments>
<msg timestamp="20210228 18:46:14.029" level="INFO">Page title is 'My Store'.</msg>
<status status="PASS" starttime="20210228 18:46:14.022" endtime="20210228 18:46:14.029"></status>
</kw>
<status status="PASS" starttime="20210228 18:46:14.021" endtime="20210228 18:46:14.030"></status>
</kw>
<kw name="Digitar o nome do produto &quot;Blouse&quot; no campo de pesquisa" library="Resource">
<kw name="Input Text" library="SeleniumLibrary">
<doc>Types the given ``text`` into the text field identified by ``locator``.</doc>
<arguments>
<arg>id=search_query_top</arg>
<arg>${PRODUTO}</arg>
</arguments>
<msg timestamp="20210228 18:46:14.031" level="INFO">Typing text 'Blouse' into text field 'id=search_query_top'.</msg>
<status status="PASS" starttime="20210228 18:46:14.031" endtime="20210228 18:46:14.180"></status>
</kw>
<status status="PASS" starttime="20210228 18:46:14.030" endtime="20210228 18:46:14.181"></status>
</kw>
<kw name="Clicar no botão pesquisar" library="Resource">
<kw name="Click Element" library="SeleniumLibrary">
<doc>Click the element identified by ``locator``.</doc>
<arguments>
<arg>name=submit_search</arg>
</arguments>
<msg timestamp="20210228 18:46:14.183" level="INFO">Clicking element 'name=submit_search'.</msg>
<status status="PASS" starttime="20210228 18:46:14.182" endtime="20210228 18:46:15.775"></status>
</kw>
<status status="PASS" starttime="20210228 18:46:14.182" endtime="20210228 18:46:15.776"></status>
</kw>
<kw name="Fechar navegador" library="Resource" type="teardown">
<kw name="Close Browser" library="SeleniumLibrary">
<doc>Closes the current browser.</doc>
<status status="PASS" starttime="20210228 18:46:15.778" endtime="20210228 18:46:18.020"></status>
</kw>
<status status="PASS" starttime="20210228 18:46:15.777" endtime="20210228 18:46:18.020"></status>
</kw>
<status status="PASS" starttime="20210228 18:46:07.472" endtime="20210228 18:46:18.021" critical="yes"></status>
</test>
<status status="PASS" starttime="20210228 18:46:07.079" endtime="20210228 18:46:18.023"></status>
</suite>
<statistics>
<total>
<stat pass="1" fail="0">Critical Tests</stat>
<stat pass="1" fail="0">All Tests</stat>
</total>
<tag>
</tag>
<suite>
<stat pass="1" fail="0" id="s1" name="TestSitePractice">TestSitePractice</stat>
</suite>
</statistics>
<errors>
</errors>
</robot>
