<?xml version="1.0" encoding="UTF-8"?>
<robot generator="Robot 3.2.2 (Python 3.9.2 on win32)" generated="20210301 22:48:22.845" rpa="false">
<suite id="s1" name="TestSitePractice" source="C:\Projetos\SuiteSiteTestePractice\tests\TestSitePractice.robot">
<test id="s1-t1" name="Caso de Teste 01: Pesquisar produto existente">
<kw name="Abrir navegador" library="Resource" type="setup">
<kw name="Open Browser" library="SeleniumLibrary">
<doc>Opens a new browser instance to the optional ``url``.</doc>
<arguments>
<arg>${URL}</arg>
<arg>${BROWSER}</arg>
</arguments>
<msg timestamp="20210301 22:48:23.137" level="INFO">Opening browser 'chrome' to base url 'http://automationpractice.com'.</msg>
<status status="PASS" starttime="20210301 22:48:23.137" endtime="20210301 22:48:29.482"></status>
</kw>
<status status="PASS" starttime="20210301 22:48:23.136" endtime="20210301 22:48:29.482"></status>
</kw>
<kw name="Acessar a página home do site" library="Resource">
<kw name="Title Should Be" library="SeleniumLibrary">
<doc>Verifies that the current page title equals ``title``.</doc>
<arguments>
<arg>My Store</arg>
</arguments>
<msg timestamp="20210301 22:48:29.493" level="INFO">Page title is 'My Store'.</msg>
<status status="PASS" starttime="20210301 22:48:29.484" endtime="20210301 22:48:29.493"></status>
</kw>
<status status="PASS" starttime="20210301 22:48:29.483" endtime="20210301 22:48:29.494"></status>
</kw>
<kw name="Digitar o nome do produto &quot;Blouse&quot; no campo de pesquisa" library="Resource">
<kw name="Input Text" library="SeleniumLibrary">
<doc>Types the given ``text`` into the text field identified by ``locator``.</doc>
<arguments>
<arg>id=search_query_top</arg>
<arg>${PRODUTO}</arg>
</arguments>
<msg timestamp="20210301 22:48:29.495" level="INFO">Typing text 'Blouse' into text field 'id=search_query_top'.</msg>
<status status="PASS" starttime="20210301 22:48:29.495" endtime="20210301 22:48:29.615"></status>
</kw>
<status status="PASS" starttime="20210301 22:48:29.494" endtime="20210301 22:48:29.616"></status>
</kw>
<kw name="Clicar no botão pesquisar" library="Resource">
<kw name="Click Element" library="SeleniumLibrary">
<doc>Click the element identified by ``locator``.</doc>
<arguments>
<arg>name=submit_search</arg>
</arguments>
<msg timestamp="20210301 22:48:29.618" level="INFO">Clicking element 'name=submit_search'.</msg>
<status status="PASS" starttime="20210301 22:48:29.617" endtime="20210301 22:48:31.453"></status>
</kw>
<status status="PASS" starttime="20210301 22:48:29.617" endtime="20210301 22:48:31.453"></status>
</kw>
<kw name="Conferir se o produto &quot;Blouse&quot; foi listado no site" library="Resource">
<kw name="Wait Until Element Is Visible" library="SeleniumLibrary">
<doc>Waits until the element ``locator`` is visible.</doc>
<arguments>
<arg>css=#center_column &gt; h1</arg>
</arguments>
<status status="PASS" starttime="20210301 22:48:31.454" endtime="20210301 22:48:31.485"></status>
</kw>
<kw name="Title Should Be" library="SeleniumLibrary">
<doc>Verifies that the current page title equals ``title``.</doc>
<arguments>
<arg>Search - My Store</arg>
</arguments>
<msg timestamp="20210301 22:48:31.489" level="INFO">Page title is 'Search - My Store'.</msg>
<status status="PASS" starttime="20210301 22:48:31.485" endtime="20210301 22:48:31.489"></status>
</kw>
<kw name="Page Should Contain Image" library="SeleniumLibrary">
<doc>Verifies image identified by ``locator`` is found from current page.</doc>
<arguments>
<arg>xpath=//*[@id="center_column"]//*[@src='http://automationpractice.com/img/p/7/7-home_default.jpg']</arg>
</arguments>
<msg timestamp="20210301 22:48:31.507" level="INFO">Current page contains image 'xpath=//*[@id="center_column"]//*[@src='http://automationpractice.com/img/p/7/7-home_default.jpg']'.</msg>
<status status="PASS" starttime="20210301 22:48:31.490" endtime="20210301 22:48:31.507"></status>
</kw>
<kw name="Page Should Contain Link" library="SeleniumLibrary">
<doc>Verifies link identified by ``locator`` is found from current page.</doc>
<arguments>
<arg>xpath=//*[@id="center_column"]//a[@class="product-name"][contains(text(),"${PRODUTO}")]</arg>
</arguments>
<msg timestamp="20210301 22:48:31.524" level="INFO">Current page contains link 'xpath=//*[@id="center_column"]//a[@class="product-name"][contains(text(),"Blouse")]'.</msg>
<status status="PASS" starttime="20210301 22:48:31.507" endtime="20210301 22:48:31.524"></status>
</kw>
<status status="PASS" starttime="20210301 22:48:31.454" endtime="20210301 22:48:31.524"></status>
</kw>
<kw name="Fechar navegador" library="Resource" type="teardown">
<kw name="Close Browser" library="SeleniumLibrary">
<doc>Closes the current browser.</doc>
<status status="PASS" starttime="20210301 22:48:31.525" endtime="20210301 22:48:33.680"></status>
</kw>
<status status="PASS" starttime="20210301 22:48:31.525" endtime="20210301 22:48:33.681"></status>
</kw>
<status status="PASS" starttime="20210301 22:48:23.135" endtime="20210301 22:48:33.682" critical="yes"></status>
</test>
<test id="s1-t2" name="Caso de Teste 02: Pesquisar produto não existente">
<kw name="Abrir navegador" library="Resource" type="setup">
<kw name="Open Browser" library="SeleniumLibrary">
<doc>Opens a new browser instance to the optional ``url``.</doc>
<arguments>
<arg>${URL}</arg>
<arg>${BROWSER}</arg>
</arguments>
<msg timestamp="20210301 22:48:33.691" level="INFO">Opening browser 'chrome' to base url 'http://automationpractice.com'.</msg>
<status status="PASS" starttime="20210301 22:48:33.690" endtime="20210301 22:48:39.314"></status>
</kw>
<status status="PASS" starttime="20210301 22:48:33.688" endtime="20210301 22:48:39.315"></status>
</kw>
<kw name="Acessar a página home do site" library="Resource">
<kw name="Title Should Be" library="SeleniumLibrary">
<doc>Verifies that the current page title equals ``title``.</doc>
<arguments>
<arg>My Store</arg>
</arguments>
<msg timestamp="20210301 22:48:39.325" level="INFO">Page title is 'My Store'.</msg>
<status status="PASS" starttime="20210301 22:48:39.317" endtime="20210301 22:48:39.325"></status>
</kw>
<status status="PASS" starttime="20210301 22:48:39.316" endtime="20210301 22:48:39.325"></status>
</kw>
<kw name="Digitar o nome do produto &quot;itemNãoExistente&quot; no campo de pesquisa" library="Resource">
<kw name="Input Text" library="SeleniumLibrary">
<doc>Types the given ``text`` into the text field identified by ``locator``.</doc>
<arguments>
<arg>id=search_query_top</arg>
<arg>${PRODUTO}</arg>
</arguments>
<msg timestamp="20210301 22:48:39.327" level="INFO">Typing text 'itemNãoExistente' into text field 'id=search_query_top'.</msg>
<status status="PASS" starttime="20210301 22:48:39.327" endtime="20210301 22:48:39.460"></status>
</kw>
<status status="PASS" starttime="20210301 22:48:39.326" endtime="20210301 22:48:39.460"></status>
</kw>
<kw name="Clicar no botão pesquisar" library="Resource">
<kw name="Click Element" library="SeleniumLibrary">
<doc>Click the element identified by ``locator``.</doc>
<arguments>
<arg>name=submit_search</arg>
</arguments>
<msg timestamp="20210301 22:48:39.462" level="INFO">Clicking element 'name=submit_search'.</msg>
<status status="PASS" starttime="20210301 22:48:39.461" endtime="20210301 22:48:40.214"></status>
</kw>
<status status="PASS" starttime="20210301 22:48:39.461" endtime="20210301 22:48:40.216"></status>
</kw>
<kw name="Conferir se o produto &quot;No results were found for your search &quot;itemNãoExistente&quot;&quot;" library="Resource">
<kw name="Wait Until Element Is Visible" library="SeleniumLibrary">
<doc>Waits until the element ``locator`` is visible.</doc>
<arguments>
<arg>css=#center_column &gt; h1</arg>
</arguments>
<status status="PASS" starttime="20210301 22:48:40.220" endtime="20210301 22:48:40.710"></status>
</kw>
<kw name="Title Should Be" library="SeleniumLibrary">
<doc>Verifies that the current page title equals ``title``.</doc>
<arguments>
<arg>Search - My Store</arg>
</arguments>
<msg timestamp="20210301 22:48:40.714" level="INFO">Page title is 'Search - My Store'.</msg>
<status status="PASS" starttime="20210301 22:48:40.710" endtime="20210301 22:48:40.714"></status>
</kw>
<kw name="Page Should Contain" library="SeleniumLibrary">
<doc>Verifies that current page contains ``text``.</doc>
<arguments>
<arg>text=0 results have been found.</arg>
</arguments>
<msg timestamp="20210301 22:48:40.730" level="INFO">Current page contains text '0 results have been found.'.</msg>
<status status="PASS" starttime="20210301 22:48:40.715" endtime="20210301 22:48:40.730"></status>
</kw>
<kw name="Page Should Contain" library="SeleniumLibrary">
<doc>Verifies that current page contains ``text``.</doc>
<arguments>
<arg>text=No results were found for your search</arg>
</arguments>
<msg timestamp="20210301 22:48:40.746" level="INFO">Current page contains text 'No results were found for your search'.</msg>
<status status="PASS" starttime="20210301 22:48:40.731" endtime="20210301 22:48:40.747"></status>
</kw>
<status status="PASS" starttime="20210301 22:48:40.219" endtime="20210301 22:48:40.747"></status>
</kw>
<kw name="Fechar navegador" library="Resource" type="teardown">
<kw name="Close Browser" library="SeleniumLibrary">
<doc>Closes the current browser.</doc>
<status status="PASS" starttime="20210301 22:48:40.748" endtime="20210301 22:48:42.897"></status>
</kw>
<status status="PASS" starttime="20210301 22:48:40.747" endtime="20210301 22:48:42.898"></status>
</kw>
<status status="PASS" starttime="20210301 22:48:33.686" endtime="20210301 22:48:42.899" critical="yes"></status>
</test>
<status status="PASS" starttime="20210301 22:48:22.848" endtime="20210301 22:48:42.903"></status>
</suite>
<statistics>
<total>
<stat pass="2" fail="0">Critical Tests</stat>
<stat pass="2" fail="0">All Tests</stat>
</total>
<tag>
</tag>
<suite>
<stat pass="2" fail="0" id="s1" name="TestSitePractice">TestSitePractice</stat>
</suite>
</statistics>
<errors>
</errors>
</robot>
